<?xml version="1.0" encoding="UTF-8"?>
<testsuite name="com.sonbro.projectj.SimpleProgramTest" tests="1" skipped="0" failures="0" errors="0" timestamp="2024-04-04T15:35:33" hostname="smadui-MacBookPro.local" time="0.006">
  <properties/>
  <testcase name="textBlock()" classname="com.sonbro.projectj.SimpleProgramTest" time="0.006"/>
  <system-out><![CDATA[hello
bye
good
hello
bye
good
]]></system-out>
  <system-err><![CDATA[]]></system-err>
</testsuite>
